.eeprom
00000000  0380006f  # jal x0, 0x38
00000004  2880006f  # jal x0, 0x288
00000008  2980006f  # jal x0, 0x298
0000000c  00000013  # addi x0, x0, 0x0
00000010  00000013  # addi x0, x0, 0x0
00000014  2a00006f  # jal x0, 0x2a0
00000018  00000013  # addi x0, x0, 0x0
0000001c  00000013  # addi x0, x0, 0x0
00000020  00000013  # addi x0, x0, 0x0
00000024  2a40006f  # jal x0, 0x2a4
00000028  00000013  # addi x0, x0, 0x0
0000002c  00000013  # addi x0, x0, 0x0
00000030  00000013  # addi x0, x0, 0x0
00000034  2e40006f  # jal x0, 0x2e4
00000038  00022137  # lui x2, 0x22
0000003c  ff010113  # addi x2, x2, 0xff0
00000040  0040006f  # jal x0, 0x4
00000044  000107b7  # lui x15, 0x10
00000048  0007a503  # lw x10, 0x0(x15)
0000004c  0047a583  # lw x11, 0x4(x15)
00000050  001e87b7  # lui x15, 0x1e8
00000054  48078793  # addi x15, x15, 0x480
00000058  00f507b3  # add x15, x10, x15
0000005c  ff010113  # addi x2, x2, 0xff0
00000060  00a7b733  # sltu x14, x15, x10
00000064  00112623  # sw x1, 0xc(x2)
00000068  00078613  # addi x12, x15, 0x0
0000006c  000107b7  # lui x15, 0x10
00000070  00b706b3  # add x13, x14, x11
00000074  00c7a423  # sw x12, 0x8(x15)
00000078  00d7a623  # sw x13, 0xc(x15)
0000007c  01c000ef  # jal x1, 0x1c
00000080  010000ef  # jal x1, 0x10
00000084  35c00513  # addi x10, x0, 0x35c
00000088  060000ef  # jal x1, 0x60
0000008c  0000006f  # jal x0, 0x0
00000090  30046073  # csrrsi x0, unknown-csr, 0x8
00000094  00008067  # jalr x0, 0x0(x1)
00000098  08000293  # addi x5, x0, 0x80
0000009c  3042a073  # csrrs x0, unknown-csr, x5
000000a0  00008067  # jalr x0, 0x0(x1)
000000a4  000106b7  # lui x13, 0x10
000000a8  00000713  # addi x14, x0, 0x0
000000ac  01868693  # addi x13, x13, 0x18
000000b0  00000793  # addi x15, x0, 0x0
000000b4  00f50633  # add x12, x10, x15
000000b8  00064603  # lbu x12, 0x0(x12)
000000bc  02061263  # bne x12, x0, 0x24
000000c0  00f76663  # bltu x14, x15, 0xc
000000c4  00000513  # addi x10, x0, 0x0
000000c8  00008067  # jalr x0, 0x0(x1)
000000cc  00e507b3  # add x15, x10, x14
000000d0  0007c783  # lbu x15, 0x0(x15)
000000d4  00170713  # addi x14, x14, 0x1
000000d8  00f6a023  # sw x15, 0x0(x13)
000000dc  fd5ff06f  # jal x0, 0x1fffd4
000000e0  00178793  # addi x15, x15, 0x1
000000e4  fd1ff06f  # jal x0, 0x1fffd0
000000e8  f9010113  # addi x2, x2, 0xf90
000000ec  05212023  # sw x18, 0x40(x2)
000000f0  06f12223  # sw x15, 0x64(x2)
000000f4  00010937  # lui x18, 0x10
000000f8  05410793  # addi x15, x2, 0x54
000000fc  04812423  # sw x8, 0x48(x2)
00000100  04912223  # sw x9, 0x44(x2)
00000104  03312e23  # sw x19, 0x3c(x2)
00000108  03412c23  # sw x20, 0x38(x2)
0000010c  04112623  # sw x1, 0x4c(x2)
00000110  00050413  # addi x8, x10, 0x0
00000114  04b12a23  # sw x11, 0x54(x2)
00000118  04c12c23  # sw x12, 0x58(x2)
0000011c  04d12e23  # sw x13, 0x5c(x2)
00000120  06e12023  # sw x14, 0x60(x2)
00000124  07012423  # sw x16, 0x68(x2)
00000128  07112623  # sw x17, 0x6c(x2)
0000012c  00f12623  # sw x15, 0xc(x2)
00000130  02500493  # addi x9, x0, 0x25
00000134  06400993  # addi x19, x0, 0x64
00000138  07300a13  # addi x20, x0, 0x73
0000013c  01890913  # addi x18, x18, 0x18
00000140  00044783  # lbu x15, 0x0(x8)
00000144  02079463  # bne x15, x0, 0x28
00000148  04c12083  # lw x1, 0x4c(x2)
0000014c  04812403  # lw x8, 0x48(x2)
00000150  04412483  # lw x9, 0x44(x2)
00000154  04012903  # lw x18, 0x40(x2)
00000158  03c12983  # lw x19, 0x3c(x2)
0000015c  03812a03  # lw x20, 0x38(x2)
00000160  00000513  # addi x10, x0, 0x0
00000164  07010113  # addi x2, x2, 0x70
00000168  00008067  # jalr x0, 0x0(x1)
0000016c  00978863  # beq x15, x9, 0x10
00000170  00f92023  # sw x15, 0x0(x18)
00000174  00140413  # addi x8, x8, 0x1
00000178  fc9ff06f  # jal x0, 0x1fffc8
0000017c  00144783  # lbu x15, 0x1(x8)
00000180  03378063  # beq x15, x19, 0x20
00000184  01478463  # beq x15, x20, 0x8
00000188  0e978c63  # beq x15, x9, 0xf8
0000018c  00c12783  # lw x15, 0xc(x2)
00000190  00478713  # addi x14, x15, 0x4
00000194  00e12623  # sw x14, 0xc(x2)
00000198  0007a503  # lw x10, 0x0(x15)
0000019c  0240006f  # jal x0, 0x24
000001a0  00c12783  # lw x15, 0xc(x2)
000001a4  00478713  # addi x14, x15, 0x4
000001a8  00e12623  # sw x14, 0xc(x2)
000001ac  0007a703  # lw x14, 0x0(x15)
000001b0  00071e63  # bne x14, x0, 0x1c
000001b4  03000793  # addi x15, x0, 0x30
000001b8  00f11823  # sh x15, 0x10(x2)
000001bc  01010513  # addi x10, x2, 0x10
000001c0  ee5ff0ef  # jal x1, 0x1ffee4
000001c4  00140413  # addi x8, x8, 0x1
000001c8  fadff06f  # jal x0, 0x1fffac
000001cc  00000513  # addi x10, x0, 0x0
000001d0  00075663  # bge x14, x0, 0xc
000001d4  40e00733  # sub x14, x0, x14
000001d8  00100513  # addi x10, x0, 0x1
000001dc  01010693  # addi x13, x2, 0x10
000001e0  00068613  # addi x12, x13, 0x0
000001e4  00000793  # addi x15, x0, 0x0
000001e8  00a00813  # addi x16, x0, 0xa
000001ec  00900313  # addi x6, x0, 0x9
000001f0  030775b3  # remu x11, x14, x16
000001f4  00078893  # addi x17, x15, 0x0
000001f8  00160613  # addi x12, x12, 0x1
000001fc  00178793  # addi x15, x15, 0x1
00000200  03058593  # addi x11, x11, 0x30
00000204  feb60fa3  # sb x11, 0xfff(x12)
00000208  00070593  # addi x11, x14, 0x0
0000020c  03075733  # divu x14, x14, x16
00000210  feb360e3  # bltu x6, x11, 0x1fe0
00000214  00050c63  # beq x10, x0, 0x18
00000218  03078793  # addi x15, x15, 0x30
0000021c  002787b3  # add x15, x15, x2
00000220  02d00713  # addi x14, x0, 0x2d
00000224  fee78023  # sb x14, 0xfe0(x15)
00000228  00288793  # addi x15, x17, 0x2
0000022c  03078793  # addi x15, x15, 0x30
00000230  002787b3  # add x15, x15, x2
00000234  fe078023  # sb x0, 0xfe0(x15)
00000238  00000793  # addi x15, x0, 0x0
0000023c  01010713  # addi x14, x2, 0x10
00000240  00f70733  # add x14, x14, x15
00000244  00074603  # lbu x12, 0x0(x14)
00000248  02061863  # bne x12, x0, 0x30
0000024c  0017d793  # srli x15, x15, 0x1
00000250  01010613  # addi x12, x2, 0x10
00000254  00f607b3  # add x15, x12, x15
00000258  fff70713  # addi x14, x14, 0xfff
0000025c  f6d780e3  # beq x15, x13, 0x1f60
00000260  00074583  # lbu x11, 0x0(x14)
00000264  0006c603  # lbu x12, 0x0(x13)
00000268  00168693  # addi x13, x13, 0x1
0000026c  feb68fa3  # sb x11, 0xfff(x13)
00000270  00c70023  # sb x12, 0x0(x14)
00000274  fe5ff06f  # jal x0, 0x1fffe4
00000278  00178793  # addi x15, x15, 0x1
0000027c  fc1ff06f  # jal x0, 0x1fffc0
00000280  000107b7  # lui x15, 0x10
00000284  0097ac23  # sw x9, 0x18(x15)
00000288  f3dff06f  # jal x0, 0x1fff3c
0000028c  ff010113  # addi x2, x2, 0xff0
00000290  32c00513  # addi x10, x0, 0x32c
00000294  00112623  # sw x1, 0xc(x2)
00000298  e51ff0ef  # jal x1, 0x1ffe50
0000029c  0000006f  # jal x0, 0x0
000002a0  ff010113  # addi x2, x2, 0xff0
000002a4  33000513  # addi x10, x0, 0x330
000002a8  00112623  # sw x1, 0xc(x2)
000002ac  e3dff0ef  # jal x1, 0x1ffe3c
000002b0  0000006f  # jal x0, 0x0
000002b4  ff010113  # addi x2, x2, 0xff0
000002b8  33c00513  # addi x10, x0, 0x33c
000002bc  00112623  # sw x1, 0xc(x2)
000002c0  e29ff0ef  # jal x1, 0x1ffe28
000002c4  0000006f  # jal x0, 0x0
000002c8  ff010113  # addi x2, x2, 0xff0
000002cc  34800513  # addi x10, x0, 0x348
000002d0  00112623  # sw x1, 0xc(x2)
000002d4  e15ff0ef  # jal x1, 0x1ffe14
000002d8  000107b7  # lui x15, 0x10
000002dc  0007a503  # lw x10, 0x0(x15)
000002e0  0047a583  # lw x11, 0x4(x15)
000002e4  001e87b7  # lui x15, 0x1e8
000002e8  48078793  # addi x15, x15, 0x480
000002ec  00f507b3  # add x15, x10, x15
000002f0  00a7b733  # sltu x14, x15, x10
000002f4  00078613  # addi x12, x15, 0x0
000002f8  000107b7  # lui x15, 0x10
000002fc  00b706b3  # add x13, x14, x11
00000300  00c7a423  # sw x12, 0x8(x15)
00000304  00d7a623  # sw x13, 0xc(x15)
00000308  30200073  # mret
0000030c  00c12083  # lw x1, 0xc(x2)
00000310  01010113  # addi x2, x2, 0x10
00000314  00008067  # jalr x0, 0x0(x1)
00000318  ff010113  # addi x2, x2, 0xff0
0000031c  35000513  # addi x10, x0, 0x350
00000320  00112623  # sw x1, 0xc(x2)
00000324  dc5ff0ef  # jal x1, 0x1ffdc4
00000328  0000006f  # jal x0, 0x0
